<?xml version="1.0" encoding="UTF-8"?>
<testsuite xmlns:xsi="http://www.w3.org/2001/XMLSchema-instance" xsi:noNamespaceSchemaLocation="https://maven.apache.org/surefire/maven-surefire-plugin/xsd/surefire-test-report-3.0.xsd" version="3.0" name="org.sriram.chargifybk.ChargifybkApplicationTests" time="8.534" tests="1" errors="0" skipped="0" failures="0">
  <properties>
[...]
</properties>
  <testcase name="contextLoads" classname="org.sriram.chargifybk.ChargifybkApplicationTests" time="0.603">
    <system-out><![CDATA[01:29:39.111 [main] INFO org.springframework.test.context.support.AnnotationConfigContextLoaderUtils -- Could not detect default configuration classes for test class [org.sriram.chargifybk.ChargifybkApplicationTests]: ChargifybkApplicationTests does not declare any static, non-private, non-final, nested classes annotated with @Configuration.
01:29:39.291 [main] INFO org.springframework.boot.test.context.SpringBootTestContextBootstrapper -- Found @SpringBootConfiguration org.sriram.chargifybk.ChargifybkApplication for test class org.sriram.chargifybk.ChargifybkApplicationTests

  .   ____          _            __ _ _
 /\\ / ___'_ __ _ _(_)_ __  __ _ \ \ \ \
( ( )\___ | '_ | '_| | '_ \/ _` | \ \ \ \
 \\/  ___)| |_)| | | | | || (_| |  ) ) ) )
  '  |____| .__|_| |_|_| |_\__, | / / / /
 =========|_|==============|___/=/_/_/_/
 :: Spring Boot ::                (v3.2.3)

2024-03-24T01:29:40.048+05:30  INFO 37371 --- [           main] o.s.c.ChargifybkApplicationTests         : Starting ChargifybkApplicationTests using Java 21.0.2 with PID 37371 (started by bineesh in /home/bineesh/Desktop/srirambk/chargifybk)
2024-03-24T01:29:40.051+05:30  INFO 37371 --- [           main] o.s.c.ChargifybkApplicationTests         : No active profile set, falling back to 1 default profile: "default"
2024-03-24T01:29:41.185+05:30  INFO 37371 --- [           main] .s.d.r.c.RepositoryConfigurationDelegate : Bootstrapping Spring Data JPA repositories in DEFAULT mode.
2024-03-24T01:29:41.260+05:30  INFO 37371 --- [           main] .s.d.r.c.RepositoryConfigurationDelegate : Finished Spring Data repository scanning in 62 ms. Found 1 JPA repository interface.
2024-03-24T01:29:42.085+05:30  INFO 37371 --- [           main] o.hibernate.jpa.internal.util.LogHelper  : HHH000204: Processing PersistenceUnitInfo [name: default]
2024-03-24T01:29:42.324+05:30  INFO 37371 --- [           main] org.hibernate.Version                    : HHH000412: Hibernate ORM core version 6.4.4.Final
2024-03-24T01:29:42.443+05:30  INFO 37371 --- [           main] o.h.c.internal.RegionFactoryInitiator    : HHH000026: Second-level cache disabled
2024-03-24T01:29:43.151+05:30  INFO 37371 --- [           main] o.s.o.j.p.SpringPersistenceUnitInfo      : No LoadTimeWeaver setup: ignoring JPA class transformer
2024-03-24T01:29:43.238+05:30  INFO 37371 --- [           main] com.zaxxer.hikari.HikariDataSource       : HikariPool-1 - Starting...
2024-03-24T01:29:44.198+05:30  INFO 37371 --- [           main] com.zaxxer.hikari.pool.HikariPool        : HikariPool-1 - Added connection com.mysql.cj.jdbc.ConnectionImpl@62faf77
2024-03-24T01:29:44.200+05:30  INFO 37371 --- [           main] com.zaxxer.hikari.HikariDataSource       : HikariPool-1 - Start completed.
2024-03-24T01:29:45.479+05:30  INFO 37371 --- [           main] o.h.e.t.j.p.i.JtaPlatformInitiator       : HHH000489: No JTA platform available (set 'hibernate.transaction.jta.platform' to enable JTA platform integration)
2024-03-24T01:29:45.568+05:30  INFO 37371 --- [           main] j.LocalContainerEntityManagerFactoryBean : Initialized JPA EntityManagerFactory for persistence unit 'default'
2024-03-24T01:29:46.119+05:30  WARN 37371 --- [           main] JpaBaseConfiguration$JpaWebConfiguration : spring.jpa.open-in-view is enabled by default. Therefore, database queries may be performed during view rendering. Explicitly configure spring.jpa.open-in-view to disable this warning
2024-03-24T01:29:46.679+05:30  INFO 37371 --- [           main] o.s.c.ChargifybkApplicationTests         : Started ChargifybkApplicationTests in 7.154 seconds (process running for 8.736)
]]></system-out>
    <system-err><![CDATA[WARNING: A Java agent has been loaded dynamically (/home/bineesh/.m2/repository/net/bytebuddy/byte-buddy-agent/1.14.12/byte-buddy-agent-1.14.12.jar)
WARNING: If a serviceability tool is in use, please run with -XX:+EnableDynamicAgentLoading to hide this warning
WARNING: If a serviceability tool is not in use, please run with -Djdk.instrument.traceUsage for more information
WARNING: Dynamic loading of agents will be disallowed by default in a future release
]]></system-err>
  </testcase>
</testsuite>